30-May-2023 06:57:50.679 INFO [main] org.apache.catalina.startup.VersionLoggerListener.log Server version name:   Apache Tomcat/9.0.75
30-May-2023 06:57:50.680 INFO [main] org.apache.catalina.startup.VersionLoggerListener.log Server built:          May 4 2023 13:04:05 UTC
30-May-2023 06:57:50.681 INFO [main] org.apache.catalina.startup.VersionLoggerListener.log Server version number: 9.0.75.0
30-May-2023 06:57:50.681 INFO [main] org.apache.catalina.startup.VersionLoggerListener.log OS Name:               Linux
30-May-2023 06:57:50.681 INFO [main] org.apache.catalina.startup.VersionLoggerListener.log OS Version:            5.15.0-1036-aws
30-May-2023 06:57:50.681 INFO [main] org.apache.catalina.startup.VersionLoggerListener.log Architecture:          amd64
30-May-2023 06:57:50.681 INFO [main] org.apache.catalina.startup.VersionLoggerListener.log Java Home:             /usr/lib/jvm/java-8-openjdk-amd64/jre
30-May-2023 06:57:50.681 INFO [main] org.apache.catalina.startup.VersionLoggerListener.log JVM Version:           1.8.0_362-8u372-ga~us1-0ubuntu1~20.04-b09
30-May-2023 06:57:50.681 INFO [main] org.apache.catalina.startup.VersionLoggerListener.log JVM Vendor:            Private Build
30-May-2023 06:57:50.681 INFO [main] org.apache.catalina.startup.VersionLoggerListener.log CATALINA_BASE:         /home/ubuntu/apache-tomcat-9.0.75
30-May-2023 06:57:50.681 INFO [main] org.apache.catalina.startup.VersionLoggerListener.log CATALINA_HOME:         /home/ubuntu/apache-tomcat-9.0.75
30-May-2023 06:57:50.692 INFO [main] org.apache.catalina.startup.VersionLoggerListener.log Command line argument: -Djava.util.logging.config.file=/home/ubuntu/apache-tomcat-9.0.75/conf/logging.properties
30-May-2023 06:57:50.692 INFO [main] org.apache.catalina.startup.VersionLoggerListener.log Command line argument: -Djava.util.logging.manager=org.apache.juli.ClassLoaderLogManager
30-May-2023 06:57:50.692 INFO [main] org.apache.catalina.startup.VersionLoggerListener.log Command line argument: -Djdk.tls.ephemeralDHKeySize=2048
30-May-2023 06:57:50.693 INFO [main] org.apache.catalina.startup.VersionLoggerListener.log Command line argument: -Djava.protocol.handler.pkgs=org.apache.catalina.webresources
30-May-2023 06:57:50.693 INFO [main] org.apache.catalina.startup.VersionLoggerListener.log Command line argument: -Dorg.apache.catalina.security.SecurityListener.UMASK=0027
30-May-2023 06:57:50.693 INFO [main] org.apache.catalina.startup.VersionLoggerListener.log Command line argument: -Dignore.endorsed.dirs=
30-May-2023 06:57:50.693 INFO [main] org.apache.catalina.startup.VersionLoggerListener.log Command line argument: -Dcatalina.base=/home/ubuntu/apache-tomcat-9.0.75
30-May-2023 06:57:50.693 INFO [main] org.apache.catalina.startup.VersionLoggerListener.log Command line argument: -Dcatalina.home=/home/ubuntu/apache-tomcat-9.0.75
30-May-2023 06:57:50.696 INFO [main] org.apache.catalina.startup.VersionLoggerListener.log Command line argument: -Djava.io.tmpdir=/home/ubuntu/apache-tomcat-9.0.75/temp
30-May-2023 06:57:50.697 INFO [main] org.apache.catalina.core.AprLifecycleListener.lifecycleEvent The Apache Tomcat Native library which allows using OpenSSL was not found on the java.library.path: [/usr/java/packages/lib/amd64:/usr/lib/x86_64-linux-gnu/jni:/lib/x86_64-linux-gnu:/usr/lib/x86_64-linux-gnu:/usr/lib/jni:/lib:/usr/lib]
30-May-2023 06:57:51.468 INFO [main] org.apache.coyote.AbstractProtocol.init Initializing ProtocolHandler ["http-nio-8080"]
30-May-2023 06:57:51.531 INFO [main] org.apache.catalina.startup.Catalina.load Server initialization in [1268] milliseconds
30-May-2023 06:57:51.603 INFO [main] org.apache.catalina.core.StandardService.startInternal Starting service [Catalina]
30-May-2023 06:57:51.603 INFO [main] org.apache.catalina.core.StandardEngine.startInternal Starting Servlet engine: [Apache Tomcat/9.0.75]
30-May-2023 06:57:51.623 INFO [main] org.apache.catalina.startup.HostConfig.deployDirectory Deploying web application directory [/home/ubuntu/apache-tomcat-9.0.75/webapps/ROOT]
30-May-2023 06:57:52.102 INFO [main] org.apache.catalina.startup.HostConfig.deployDirectory Deployment of web application directory [/home/ubuntu/apache-tomcat-9.0.75/webapps/ROOT] has finished in [478] ms
30-May-2023 06:57:52.102 INFO [main] org.apache.catalina.startup.HostConfig.deployDirectory Deploying web application directory [/home/ubuntu/apache-tomcat-9.0.75/webapps/host-manager]
30-May-2023 06:57:52.166 INFO [main] org.apache.catalina.startup.HostConfig.deployDirectory Deployment of web application directory [/home/ubuntu/apache-tomcat-9.0.75/webapps/host-manager] has finished in [64] ms
30-May-2023 06:57:52.174 INFO [main] org.apache.catalina.startup.HostConfig.deployDirectory Deploying web application directory [/home/ubuntu/apache-tomcat-9.0.75/webapps/docs]
30-May-2023 06:57:52.213 INFO [main] org.apache.catalina.startup.HostConfig.deployDirectory Deployment of web application directory [/home/ubuntu/apache-tomcat-9.0.75/webapps/docs] has finished in [39] ms
30-May-2023 06:57:52.215 INFO [main] org.apache.catalina.startup.HostConfig.deployDirectory Deploying web application directory [/home/ubuntu/apache-tomcat-9.0.75/webapps/examples]
30-May-2023 06:57:52.686 INFO [main] org.apache.catalina.startup.HostConfig.deployDirectory Deployment of web application directory [/home/ubuntu/apache-tomcat-9.0.75/webapps/examples] has finished in [471] ms
30-May-2023 06:57:52.686 INFO [main] org.apache.catalina.startup.HostConfig.deployDirectory Deploying web application directory [/home/ubuntu/apache-tomcat-9.0.75/webapps/manager]
30-May-2023 06:57:52.725 INFO [main] org.apache.catalina.startup.HostConfig.deployDirectory Deployment of web application directory [/home/ubuntu/apache-tomcat-9.0.75/webapps/manager] has finished in [39] ms
30-May-2023 06:57:52.732 INFO [main] org.apache.coyote.AbstractProtocol.start Starting ProtocolHandler ["http-nio-8080"]
30-May-2023 06:57:52.756 INFO [main] org.apache.catalina.startup.Catalina.start Server startup in [1224] milliseconds
30-May-2023 09:06:47.850 INFO [http-nio-8080-exec-10] org.apache.coyote.http11.Http11Processor.service Error parsing HTTP request header
 Note: further occurrences of HTTP request parsing errors will be logged at DEBUG level.
	java.lang.IllegalArgumentException: Invalid character found in method name [0x160x030x010x00{0x010x000x00w0x030x030xb50x8f0x01#0x110xcdoR0x84l0x010xa30x0f0xc4N0xe00x10s0xf00xb20xdf0xcf{C0xfbd0xea0x0a0xb7z0xb8R0x000x000x1a0xc0/0xc0+0xc00x110xc00x070xc00x130xc00x090xc00x140xc00x0a0x000x050x00/0x0050xc00x120x000x0a0x010x000x0040x000x050x000x050x010x000x000x000x000x000x0a0x000x080x000x060x000x170x000x180x000x190x000x0b0x000x020x010x000x000x0d0x000x100x000x0e0x040x010x040x030x020x010x020x030x040x010x050x010x060x010xff0x010x000x010x00...]. HTTP method names must be tokens
		at org.apache.coyote.http11.Http11InputBuffer.parseRequestLine(Http11InputBuffer.java:407)
		at org.apache.coyote.http11.Http11Processor.service(Http11Processor.java:263)
		at org.apache.coyote.AbstractProcessorLight.process(AbstractProcessorLight.java:63)
		at org.apache.coyote.AbstractProtocol$ConnectionHandler.process(AbstractProtocol.java:926)
		at org.apache.tomcat.util.net.NioEndpoint$SocketProcessor.doRun(NioEndpoint.java:1791)
		at org.apache.tomcat.util.net.SocketProcessorBase.run(SocketProcessorBase.java:52)
		at org.apache.tomcat.util.threads.ThreadPoolExecutor.runWorker(ThreadPoolExecutor.java:1191)
		at org.apache.tomcat.util.threads.ThreadPoolExecutor$Worker.run(ThreadPoolExecutor.java:659)
		at org.apache.tomcat.util.threads.TaskThread$WrappingRunnable.run(TaskThread.java:61)
		at java.lang.Thread.run(Thread.java:750)
30-May-2023 16:09:02.362 INFO [main] org.apache.catalina.startup.VersionLoggerListener.log Server version name:   Apache Tomcat/9.0.75
30-May-2023 16:09:02.364 INFO [main] org.apache.catalina.startup.VersionLoggerListener.log Server built:          May 4 2023 13:04:05 UTC
30-May-2023 16:09:02.364 INFO [main] org.apache.catalina.startup.VersionLoggerListener.log Server version number: 9.0.75.0
30-May-2023 16:09:02.364 INFO [main] org.apache.catalina.startup.VersionLoggerListener.log OS Name:               Linux
30-May-2023 16:09:02.364 INFO [main] org.apache.catalina.startup.VersionLoggerListener.log OS Version:            5.15.0-1036-aws
30-May-2023 16:09:02.364 INFO [main] org.apache.catalina.startup.VersionLoggerListener.log Architecture:          amd64
30-May-2023 16:09:02.364 INFO [main] org.apache.catalina.startup.VersionLoggerListener.log Java Home:             /usr/lib/jvm/java-8-openjdk-amd64/jre
30-May-2023 16:09:02.364 INFO [main] org.apache.catalina.startup.VersionLoggerListener.log JVM Version:           1.8.0_362-8u372-ga~us1-0ubuntu1~20.04-b09
30-May-2023 16:09:02.364 INFO [main] org.apache.catalina.startup.VersionLoggerListener.log JVM Vendor:            Private Build
30-May-2023 16:09:02.365 INFO [main] org.apache.catalina.startup.VersionLoggerListener.log CATALINA_BASE:         /home/ubuntu/apache-tomcat-9.0.75
30-May-2023 16:09:02.365 INFO [main] org.apache.catalina.startup.VersionLoggerListener.log CATALINA_HOME:         /home/ubuntu/apache-tomcat-9.0.75
30-May-2023 16:09:02.366 INFO [main] org.apache.catalina.startup.VersionLoggerListener.log Command line argument: -Djava.util.logging.config.file=/home/ubuntu/apache-tomcat-9.0.75/conf/logging.properties
30-May-2023 16:09:02.369 INFO [main] org.apache.catalina.startup.VersionLoggerListener.log Command line argument: -Djava.util.logging.manager=org.apache.juli.ClassLoaderLogManager
30-May-2023 16:09:02.369 INFO [main] org.apache.catalina.startup.VersionLoggerListener.log Command line argument: -Djdk.tls.ephemeralDHKeySize=2048
30-May-2023 16:09:02.369 INFO [main] org.apache.catalina.startup.VersionLoggerListener.log Command line argument: -Djava.protocol.handler.pkgs=org.apache.catalina.webresources
30-May-2023 16:09:02.369 INFO [main] org.apache.catalina.startup.VersionLoggerListener.log Command line argument: -Dorg.apache.catalina.security.SecurityListener.UMASK=0027
30-May-2023 16:09:02.369 INFO [main] org.apache.catalina.startup.VersionLoggerListener.log Command line argument: -Dignore.endorsed.dirs=
30-May-2023 16:09:02.369 INFO [main] org.apache.catalina.startup.VersionLoggerListener.log Command line argument: -Dcatalina.base=/home/ubuntu/apache-tomcat-9.0.75
30-May-2023 16:09:02.369 INFO [main] org.apache.catalina.startup.VersionLoggerListener.log Command line argument: -Dcatalina.home=/home/ubuntu/apache-tomcat-9.0.75
30-May-2023 16:09:02.369 INFO [main] org.apache.catalina.startup.VersionLoggerListener.log Command line argument: -Djava.io.tmpdir=/home/ubuntu/apache-tomcat-9.0.75/temp
30-May-2023 16:09:02.371 INFO [main] org.apache.catalina.core.AprLifecycleListener.lifecycleEvent The Apache Tomcat Native library which allows using OpenSSL was not found on the java.library.path: [/usr/java/packages/lib/amd64:/usr/lib/x86_64-linux-gnu/jni:/lib/x86_64-linux-gnu:/usr/lib/x86_64-linux-gnu:/usr/lib/jni:/lib:/usr/lib]
30-May-2023 16:09:03.103 INFO [main] org.apache.coyote.AbstractProtocol.init Initializing ProtocolHandler ["http-nio-8080"]
30-May-2023 16:09:03.131 SEVERE [main] org.apache.catalina.util.LifecycleBase.handleSubClassException Failed to initialize component [Connector[HTTP/1.1-8080]]
	org.apache.catalina.LifecycleException: Protocol handler initialization failed
		at org.apache.catalina.connector.Connector.initInternal(Connector.java:1014)
		at org.apache.catalina.util.LifecycleBase.init(LifecycleBase.java:136)
		at org.apache.catalina.core.StandardService.initInternal(StandardService.java:549)
		at org.apache.catalina.util.LifecycleBase.init(LifecycleBase.java:136)
		at org.apache.catalina.core.StandardServer.initInternal(StandardServer.java:1028)
		at org.apache.catalina.util.LifecycleBase.init(LifecycleBase.java:136)
		at org.apache.catalina.startup.Catalina.load(Catalina.java:724)
		at org.apache.catalina.startup.Catalina.load(Catalina.java:746)
		at sun.reflect.NativeMethodAccessorImpl.invoke0(Native Method)
		at sun.reflect.NativeMethodAccessorImpl.invoke(NativeMethodAccessorImpl.java:62)
		at sun.reflect.DelegatingMethodAccessorImpl.invoke(DelegatingMethodAccessorImpl.java:43)
		at java.lang.reflect.Method.invoke(Method.java:498)
		at org.apache.catalina.startup.Bootstrap.load(Bootstrap.java:307)
		at org.apache.catalina.startup.Bootstrap.main(Bootstrap.java:477)
	Caused by: java.net.BindException: Address already in use
		at sun.nio.ch.Net.bind0(Native Method)
		at sun.nio.ch.Net.bind(Net.java:461)
		at sun.nio.ch.Net.bind(Net.java:453)
		at sun.nio.ch.ServerSocketChannelImpl.bind(ServerSocketChannelImpl.java:222)
		at org.apache.tomcat.util.net.NioEndpoint.initServerSocket(NioEndpoint.java:276)
		at org.apache.tomcat.util.net.NioEndpoint.bind(NioEndpoint.java:231)
		at org.apache.tomcat.util.net.AbstractEndpoint.bindWithCleanup(AbstractEndpoint.java:1302)
		at org.apache.tomcat.util.net.AbstractEndpoint.init(AbstractEndpoint.java:1315)
		at org.apache.coyote.AbstractProtocol.init(AbstractProtocol.java:652)
		at org.apache.coyote.http11.AbstractHttp11Protocol.init(AbstractHttp11Protocol.java:75)
		at org.apache.catalina.connector.Connector.initInternal(Connector.java:1012)
		... 13 more
30-May-2023 16:09:03.134 INFO [main] org.apache.catalina.startup.Catalina.load Server initialization in [1137] milliseconds
30-May-2023 16:09:03.202 INFO [main] org.apache.catalina.core.StandardService.startInternal Starting service [Catalina]
30-May-2023 16:09:03.203 INFO [main] org.apache.catalina.core.StandardEngine.startInternal Starting Servlet engine: [Apache Tomcat/9.0.75]
30-May-2023 16:09:03.219 INFO [main] org.apache.catalina.startup.HostConfig.deployDirectory Deploying web application directory [/home/ubuntu/apache-tomcat-9.0.75/webapps/ROOT]
30-May-2023 16:09:03.724 INFO [main] org.apache.catalina.startup.HostConfig.deployDirectory Deployment of web application directory [/home/ubuntu/apache-tomcat-9.0.75/webapps/ROOT] has finished in [504] ms
30-May-2023 16:09:03.731 INFO [main] org.apache.catalina.startup.HostConfig.deployDirectory Deploying web application directory [/home/ubuntu/apache-tomcat-9.0.75/webapps/host-manager]
30-May-2023 16:09:03.799 INFO [main] org.apache.catalina.startup.HostConfig.deployDirectory Deployment of web application directory [/home/ubuntu/apache-tomcat-9.0.75/webapps/host-manager] has finished in [69] ms
30-May-2023 16:09:03.800 INFO [main] org.apache.catalina.startup.HostConfig.deployDirectory Deploying web application directory [/home/ubuntu/apache-tomcat-9.0.75/webapps/docs]
30-May-2023 16:09:03.846 INFO [main] org.apache.catalina.startup.HostConfig.deployDirectory Deployment of web application directory [/home/ubuntu/apache-tomcat-9.0.75/webapps/docs] has finished in [46] ms
30-May-2023 16:09:03.851 INFO [main] org.apache.catalina.startup.HostConfig.deployDirectory Deploying web application directory [/home/ubuntu/apache-tomcat-9.0.75/webapps/examples]
30-May-2023 16:09:04.314 INFO [main] org.apache.catalina.startup.HostConfig.deployDirectory Deployment of web application directory [/home/ubuntu/apache-tomcat-9.0.75/webapps/examples] has finished in [463] ms
30-May-2023 16:09:04.315 INFO [main] org.apache.catalina.startup.HostConfig.deployDirectory Deploying web application directory [/home/ubuntu/apache-tomcat-9.0.75/webapps/manager]
30-May-2023 16:09:04.358 INFO [main] org.apache.catalina.startup.HostConfig.deployDirectory Deployment of web application directory [/home/ubuntu/apache-tomcat-9.0.75/webapps/manager] has finished in [43] ms
30-May-2023 16:09:04.371 INFO [main] org.apache.catalina.startup.Catalina.start Server startup in [1236] milliseconds
30-May-2023 16:09:04.375 SEVERE [main] org.apache.catalina.core.StandardServer.await Failed to create server shutdown socket on address [localhost] and port [8005] (base port [8005] and offset [0])
	java.net.BindException: Address already in use (Bind failed)
		at java.net.PlainSocketImpl.socketBind(Native Method)
		at java.net.AbstractPlainSocketImpl.bind(AbstractPlainSocketImpl.java:387)
		at java.net.ServerSocket.bind(ServerSocket.java:390)
		at java.net.ServerSocket.<init>(ServerSocket.java:252)
		at org.apache.catalina.core.StandardServer.await(StandardServer.java:580)
		at org.apache.catalina.startup.Catalina.await(Catalina.java:864)
		at org.apache.catalina.startup.Catalina.start(Catalina.java:810)
		at sun.reflect.NativeMethodAccessorImpl.invoke0(Native Method)
		at sun.reflect.NativeMethodAccessorImpl.invoke(NativeMethodAccessorImpl.java:62)
		at sun.reflect.DelegatingMethodAccessorImpl.invoke(DelegatingMethodAccessorImpl.java:43)
		at java.lang.reflect.Method.invoke(Method.java:498)
		at org.apache.catalina.startup.Bootstrap.start(Bootstrap.java:347)
		at org.apache.catalina.startup.Bootstrap.main(Bootstrap.java:478)
30-May-2023 16:09:04.375 INFO [main] org.apache.coyote.AbstractProtocol.pause Pausing ProtocolHandler ["http-nio-8080"]
30-May-2023 16:09:04.376 INFO [main] org.apache.catalina.core.StandardService.stopInternal Stopping service [Catalina]
30-May-2023 16:09:04.414 INFO [main] org.apache.coyote.AbstractProtocol.stop Stopping ProtocolHandler ["http-nio-8080"]
30-May-2023 16:09:04.419 INFO [main] org.apache.coyote.AbstractProtocol.destroy Destroying ProtocolHandler ["http-nio-8080"]
30-May-2023 17:43:05.633 INFO [Catalina-utility-2] org.apache.catalina.startup.HostConfig.reload Reloading context []
30-May-2023 17:43:05.633 INFO [Catalina-utility-2] org.apache.catalina.core.StandardContext.reload Reloading Context with name [] has started
30-May-2023 17:43:05.686 INFO [Catalina-utility-2] org.apache.catalina.core.StandardContext.reload Reloading Context with name [] is completed
30-May-2023 17:58:22.094 INFO [Thread-2] org.apache.coyote.AbstractProtocol.pause Pausing ProtocolHandler ["http-nio-8080"]
30-May-2023 17:58:22.105 INFO [Thread-2] org.apache.catalina.core.StandardService.stopInternal Stopping service [Catalina]
30-May-2023 17:58:22.188 INFO [Thread-2] org.apache.coyote.AbstractProtocol.stop Stopping ProtocolHandler ["http-nio-8080"]
30-May-2023 17:58:22.206 INFO [Thread-2] org.apache.coyote.AbstractProtocol.destroy Destroying ProtocolHandler ["http-nio-8080"]
