11-Jun-2023 14:26:19.185 INFO [main] org.apache.catalina.startup.VersionLoggerListener.log Server version name:   Apache Tomcat/9.0.75
11-Jun-2023 14:26:19.188 INFO [main] org.apache.catalina.startup.VersionLoggerListener.log Server built:          May 4 2023 13:04:05 UTC
11-Jun-2023 14:26:19.189 INFO [main] org.apache.catalina.startup.VersionLoggerListener.log Server version number: 9.0.75.0
11-Jun-2023 14:26:19.189 INFO [main] org.apache.catalina.startup.VersionLoggerListener.log OS Name:               Linux
11-Jun-2023 14:26:19.189 INFO [main] org.apache.catalina.startup.VersionLoggerListener.log OS Version:            5.15.0-1036-aws
11-Jun-2023 14:26:19.189 INFO [main] org.apache.catalina.startup.VersionLoggerListener.log Architecture:          amd64
11-Jun-2023 14:26:19.189 INFO [main] org.apache.catalina.startup.VersionLoggerListener.log Java Home:             /usr/lib/jvm/java-8-openjdk-amd64/jre
11-Jun-2023 14:26:19.189 INFO [main] org.apache.catalina.startup.VersionLoggerListener.log JVM Version:           1.8.0_362-8u372-ga~us1-0ubuntu1~20.04-b09
11-Jun-2023 14:26:19.189 INFO [main] org.apache.catalina.startup.VersionLoggerListener.log JVM Vendor:            Private Build
11-Jun-2023 14:26:19.189 INFO [main] org.apache.catalina.startup.VersionLoggerListener.log CATALINA_BASE:         /home/ubuntu/apache-tomcat-9.0.75
11-Jun-2023 14:26:19.189 INFO [main] org.apache.catalina.startup.VersionLoggerListener.log CATALINA_HOME:         /home/ubuntu/apache-tomcat-9.0.75
11-Jun-2023 14:26:19.198 INFO [main] org.apache.catalina.startup.VersionLoggerListener.log Command line argument: -Djava.util.logging.config.file=/home/ubuntu/apache-tomcat-9.0.75/conf/logging.properties
11-Jun-2023 14:26:19.198 INFO [main] org.apache.catalina.startup.VersionLoggerListener.log Command line argument: -Djava.util.logging.manager=org.apache.juli.ClassLoaderLogManager
11-Jun-2023 14:26:19.198 INFO [main] org.apache.catalina.startup.VersionLoggerListener.log Command line argument: -Djdk.tls.ephemeralDHKeySize=2048
11-Jun-2023 14:26:19.198 INFO [main] org.apache.catalina.startup.VersionLoggerListener.log Command line argument: -Djava.protocol.handler.pkgs=org.apache.catalina.webresources
11-Jun-2023 14:26:19.198 INFO [main] org.apache.catalina.startup.VersionLoggerListener.log Command line argument: -Dorg.apache.catalina.security.SecurityListener.UMASK=0027
11-Jun-2023 14:26:19.198 INFO [main] org.apache.catalina.startup.VersionLoggerListener.log Command line argument: -Dignore.endorsed.dirs=
11-Jun-2023 14:26:19.198 INFO [main] org.apache.catalina.startup.VersionLoggerListener.log Command line argument: -Dcatalina.base=/home/ubuntu/apache-tomcat-9.0.75
11-Jun-2023 14:26:19.199 INFO [main] org.apache.catalina.startup.VersionLoggerListener.log Command line argument: -Dcatalina.home=/home/ubuntu/apache-tomcat-9.0.75
11-Jun-2023 14:26:19.199 INFO [main] org.apache.catalina.startup.VersionLoggerListener.log Command line argument: -Djava.io.tmpdir=/home/ubuntu/apache-tomcat-9.0.75/temp
11-Jun-2023 14:26:19.219 INFO [main] org.apache.catalina.core.AprLifecycleListener.lifecycleEvent The Apache Tomcat Native library which allows using OpenSSL was not found on the java.library.path: [/usr/java/packages/lib/amd64:/usr/lib/x86_64-linux-gnu/jni:/lib/x86_64-linux-gnu:/usr/lib/x86_64-linux-gnu:/usr/lib/jni:/lib:/usr/lib]
11-Jun-2023 14:26:20.112 INFO [main] org.apache.coyote.AbstractProtocol.init Initializing ProtocolHandler ["http-nio-8080"]
11-Jun-2023 14:26:20.172 INFO [main] org.apache.catalina.startup.Catalina.load Server initialization in [1460] milliseconds
11-Jun-2023 14:26:20.256 INFO [main] org.apache.catalina.core.StandardService.startInternal Starting service [Catalina]
11-Jun-2023 14:26:20.258 INFO [main] org.apache.catalina.core.StandardEngine.startInternal Starting Servlet engine: [Apache Tomcat/9.0.75]
11-Jun-2023 14:26:20.281 INFO [main] org.apache.catalina.startup.HostConfig.deployDirectory Deploying web application directory [/home/ubuntu/apache-tomcat-9.0.75/webapps/ROOT]
11-Jun-2023 14:26:20.835 INFO [main] org.apache.catalina.startup.HostConfig.deployDirectory Deployment of web application directory [/home/ubuntu/apache-tomcat-9.0.75/webapps/ROOT] has finished in [552] ms
11-Jun-2023 14:26:20.835 INFO [main] org.apache.catalina.startup.HostConfig.deployDirectory Deploying web application directory [/home/ubuntu/apache-tomcat-9.0.75/webapps/host-manager]
11-Jun-2023 14:26:20.904 INFO [main] org.apache.catalina.startup.HostConfig.deployDirectory Deployment of web application directory [/home/ubuntu/apache-tomcat-9.0.75/webapps/host-manager] has finished in [69] ms
11-Jun-2023 14:26:20.905 INFO [main] org.apache.catalina.startup.HostConfig.deployDirectory Deploying web application directory [/home/ubuntu/apache-tomcat-9.0.75/webapps/docs]
11-Jun-2023 14:26:20.947 INFO [main] org.apache.catalina.startup.HostConfig.deployDirectory Deployment of web application directory [/home/ubuntu/apache-tomcat-9.0.75/webapps/docs] has finished in [41] ms
11-Jun-2023 14:26:20.947 INFO [main] org.apache.catalina.startup.HostConfig.deployDirectory Deploying web application directory [/home/ubuntu/apache-tomcat-9.0.75/webapps/examples]
11-Jun-2023 14:26:21.460 INFO [main] org.apache.catalina.startup.HostConfig.deployDirectory Deployment of web application directory [/home/ubuntu/apache-tomcat-9.0.75/webapps/examples] has finished in [512] ms
11-Jun-2023 14:26:21.460 INFO [main] org.apache.catalina.startup.HostConfig.deployDirectory Deploying web application directory [/home/ubuntu/apache-tomcat-9.0.75/webapps/manager]
11-Jun-2023 14:26:21.500 INFO [main] org.apache.catalina.startup.HostConfig.deployDirectory Deployment of web application directory [/home/ubuntu/apache-tomcat-9.0.75/webapps/manager] has finished in [40] ms
11-Jun-2023 14:26:21.509 INFO [main] org.apache.coyote.AbstractProtocol.start Starting ProtocolHandler ["http-nio-8080"]
11-Jun-2023 14:26:21.550 INFO [main] org.apache.catalina.startup.Catalina.start Server startup in [1377] milliseconds
11-Jun-2023 19:43:36.631 INFO [http-nio-8080-exec-10] org.apache.coyote.http11.Http11Processor.service Error parsing HTTP request header
 Note: further occurrences of HTTP request parsing errors will be logged at DEBUG level.
	java.lang.IllegalArgumentException: Invalid character found in method name [0x160x030x010x000x850x010x000x000x810x030x030xcd30xad0xdd0x01P0xe6x0x8dP0xd90x0b0x8b0xd90xb30x83<0xc40x050xbcF0xadi0xb5/0xa20xa450xa80x1c0xd40xbd0x000x00 ]. HTTP method names must be tokens
		at org.apache.coyote.http11.Http11InputBuffer.parseRequestLine(Http11InputBuffer.java:407)
		at org.apache.coyote.http11.Http11Processor.service(Http11Processor.java:263)
		at org.apache.coyote.AbstractProcessorLight.process(AbstractProcessorLight.java:63)
		at org.apache.coyote.AbstractProtocol$ConnectionHandler.process(AbstractProtocol.java:926)
		at org.apache.tomcat.util.net.NioEndpoint$SocketProcessor.doRun(NioEndpoint.java:1791)
		at org.apache.tomcat.util.net.SocketProcessorBase.run(SocketProcessorBase.java:52)
		at org.apache.tomcat.util.threads.ThreadPoolExecutor.runWorker(ThreadPoolExecutor.java:1191)
		at org.apache.tomcat.util.threads.ThreadPoolExecutor$Worker.run(ThreadPoolExecutor.java:659)
		at org.apache.tomcat.util.threads.TaskThread$WrappingRunnable.run(TaskThread.java:61)
		at java.lang.Thread.run(Thread.java:750)
